Arguments: 
  /home/vinhnguyen/.nvm/versions/node/v16.15.1/bin/node /home/vinhnguyen/.nvm/versions/node/v16.15.1/bin/yarn

PATH: 
  /home/vinhnguyen/.magento-cloud/bin:/home/vinhnguyen/.nvm/versions/node/v16.15.1/bin:/home/vinhnguyen/.magento-cloud/bin:/usr/local/sbin:/usr/local/bin:/usr/sbin:/usr/bin:/sbin:/bin:/usr/games:/usr/local/games:/snap/bin:/snap/bin:/var/www/html/wishlist/node_modules/.bin

Yarn version: 
  1.22.18

Node version: 
  16.15.1

Platform: 
  linux x64

Trace: 
  Error: https://registry.yarnpkg.com/@heronjs%2fcore: Not found
      at Request.params.callback [as _callback] (/home/vinhnguyen/.nvm/versions/node/v16.15.1/lib/node_modules/yarn/lib/cli.js:66138:18)
      at Request.self.callback (/home/vinhnguyen/.nvm/versions/node/v16.15.1/lib/node_modules/yarn/lib/cli.js:140883:22)
      at Request.emit (node:events:527:28)
      at Request.<anonymous> (/home/vinhnguyen/.nvm/versions/node/v16.15.1/lib/node_modules/yarn/lib/cli.js:141855:10)
      at Request.emit (node:events:527:28)
      at IncomingMessage.<anonymous> (/home/vinhnguyen/.nvm/versions/node/v16.15.1/lib/node_modules/yarn/lib/cli.js:141777:12)
      at Object.onceWrapper (node:events:641:28)
      at IncomingMessage.emit (node:events:539:35)
      at endReadableNT (node:internal/streams/readable:1345:12)
      at processTicksAndRejections (node:internal/process/task_queues:83:21)

npm manifest: 
  {
    "name": "dev",
    "version": "1.0.0",
    "description": "",
    "scripts": {
      "build": "node build.js && tsc --build tsconfig.json",
      "debug": "npm run bdev && nodemon --config nodemon.debug.json",
      "bdev": "node build.js && tsc --build tsconfig.debug.json",
      "start": "node dist/index.js",
      "test": "jest --updateSnapshot --detectOpenHandles"
    },
    "keywords": [],
    "devDependencies": {
      "@types/express": "^4.17.13",
      "@types/node": "^15.3.1",
      "fs-extra": "^10.0.0",
      "jest": "^27.1.0",
      "nodemon": "^2.0.7",
      "sqlite3": "^5.0.2",
      "ts-node": "^10.0.0",
      "tsconfig-paths": "^3.9.0",
      "typescript": "^4.2.4"
    },
    "dependencies": {
      "@heronjs/core": "^2.0.0",
      "@heronjs/common": "^2.0.0",
      "@heronjs/express": "^2.0.0",
      "cache-manager": "^3.4.4",
      "cache-manager-ioredis": "^2.1.0",
      "class-validator": "^0.13.1",
      "cors": "^2.8.5",
      "express": "^4.17.1",
      "express-handlebars": "^5.3.2",
      "http-status-codes": "^2.1.4",
      "ioredis": "^4.27.8",
      "module-alias": "^2.2.2",
      "progress": "^2.0.3",
      "reflect-metadata": "^0.1.13",
      "rxjs": "^7.1.0",
      "tslib": "^2.2.0"
    }
  }

yarn manifest: 
  No manifest

Lockfile: 
  No lockfile
